<?xml version="1.0" encoding="UTF-8"?>
<coverage generated="1743664689649" clover="3.2.0">
  <project timestamp="1743664689649" name="All files">
    <metrics statements="32" coveredstatements="32" conditionals="22" coveredconditionals="22" methods="3" coveredmethods="3" elements="57" coveredelements="57" complexity="0" loc="32" ncloc="32" packages="1" files="2" classes="2"/>
    <file name="number-01.js" path="F:\code_github\JS_Basic\excesire\number-01.js">
      <metrics statements="16" coveredstatements="16" conditionals="16" coveredconditionals="16" methods="2" coveredmethods="2"/>
      <line num="2" count="10" type="cond" truecount="4" falsecount="0"/>
      <line num="3" count="7" type="cond" truecount="2" falsecount="0"/>
      <line num="4" count="6" type="stmt"/>
      <line num="5" count="6" type="stmt"/>
      <line num="7" count="6" type="stmt"/>
      <line num="8" count="12" type="stmt"/>
      <line num="9" count="12" type="cond" truecount="2" falsecount="0"/>
      <line num="10" count="9" type="stmt"/>
      <line num="11" count="9" type="stmt"/>
      <line num="13" count="3" type="stmt"/>
      <line num="17" count="10" type="cond" truecount="4" falsecount="0"/>
      <line num="18" count="7" type="cond" truecount="2" falsecount="0"/>
      <line num="19" count="6" type="stmt"/>
      <line num="20" count="6" type="stmt"/>
      <line num="21" count="14" type="cond" truecount="2" falsecount="0"/>
      <line num="23" count="3" type="stmt"/>
    </file>
    <file name="number-03.js" path="F:\code_github\JS_Basic\excesire\number-03.js">
      <metrics statements="16" coveredstatements="16" conditionals="6" coveredconditionals="6" methods="1" coveredmethods="1"/>
      <line num="15" count="27" type="cond" truecount="2" falsecount="0"/>
      <line num="16" count="22" type="stmt"/>
      <line num="18" count="22" type="stmt"/>
      <line num="19" count="22" type="stmt"/>
      <line num="20" count="33" type="stmt"/>
      <line num="21" count="33" type="cond" truecount="2" falsecount="0"/>
      <line num="22" count="29" type="cond" truecount="2" falsecount="0"/>
      <line num="23" count="19" type="stmt"/>
      <line num="24" count="19" type="stmt"/>
      <line num="26" count="8" type="stmt"/>
      <line num="29" count="1" type="stmt"/>
      <line num="30" count="1" type="stmt"/>
      <line num="31" count="1" type="stmt"/>
      <line num="32" count="1" type="stmt"/>
      <line num="33" count="1" type="stmt"/>
      <line num="34" count="1" type="stmt"/>
    </file>
  </project>
</coverage>
