{"F:\\code_github\\JS_Basic\\main.js": {"path":"F:\\code_github\\JS_Basic\\main.js","statementMap":{"0":{"start":{"line":2,"column":2},"end":{"line":2,"column":15}},"1":{"start":{"line":6,"column":2},"end":{"line":7,"column":13}},"2":{"start":{"line":6,"column":87},"end":{"line":6,"column":98}},"3":{"start":{"line":7,"column":4},"end":{"line":7,"column":13}},"4":{"start":{"line":8,"column":14},"end":{"line":8,"column":15}},"5":{"start":{"line":9,"column":20},"end":{"line":16,"column":7}},"6":{"start":{"line":11,"column":4},"end":{"line":14,"column":5}},"7":{"start":{"line":12,"column":6},"end":{"line":12,"column":15}},"8":{"start":{"line":13,"column":6},"end":{"line":13,"column":14}},"9":{"start":{"line":15,"column":4},"end":{"line":15,"column":15}},"10":{"start":{"line":17,"column":2},"end":{"line":17,"column":38}}},"fnMap":{"0":{"name":"sum","decl":{"start":{"line":1,"column":16},"end":{"line":1,"column":19}},"loc":{"start":{"line":1,"column":26},"end":{"line":3,"column":1}},"line":1},"1":{"name":"calcAvgOfAllEvenNumbers","decl":{"start":{"line":5,"column":16},"end":{"line":5,"column":39}},"loc":{"start":{"line":5,"column":52},"end":{"line":18,"column":1}},"line":5},"2":{"name":"(anonymous_2)","decl":{"start":{"line":6,"column":80},"end":{"line":6,"column":81}},"loc":{"start":{"line":6,"column":87},"end":{"line":6,"column":98}},"line":6},"3":{"name":"(anonymous_3)","decl":{"start":{"line":9,"column":38},"end":{"line":9,"column":39}},"loc":{"start":{"line":9,"column":50},"end":{"line":16,"column":3}},"line":9}},"branchMap":{"0":{"loc":{"start":{"line":6,"column":2},"end":{"line":7,"column":13}},"type":"if","locations":[{"start":{"line":6,"column":2},"end":{"line":7,"column":13}},{"start":{},"end":{}}],"line":6},"1":{"loc":{"start":{"line":6,"column":6},"end":{"line":6,"column":99}},"type":"binary-expr","locations":[{"start":{"line":6,"column":6},"end":{"line":6,"column":32}},{"start":{"line":6,"column":36},"end":{"line":6,"column":59}},{"start":{"line":6,"column":63},"end":{"line":6,"column":99}}],"line":6},"2":{"loc":{"start":{"line":11,"column":4},"end":{"line":14,"column":5}},"type":"if","locations":[{"start":{"line":11,"column":4},"end":{"line":14,"column":5}},{"start":{},"end":{}}],"line":11}},"s":{"0":1,"1":10,"2":8,"3":8,"4":2,"5":2,"6":10,"7":5,"8":5,"9":10,"10":2},"f":{"0":1,"1":10,"2":8,"3":10},"b":{"0":[8,2],"1":[10,5,4],"2":[5,5]},"_coverageSchema":"1a1c01bbd47fc00a2c39e90264f33305004495a9","hash":"1c1201cab28c95584086e7822c3c2581beb334e7"}
}
