{"F:\\code_github\\JS_Basic\\excesire\\number-01.js": {"path":"F:\\code_github\\JS_Basic\\excesire\\number-01.js","statementMap":{"0":{"start":{"line":2,"column":2},"end":{"line":2,"column":43}},"1":{"start":{"line":2,"column":30},"end":{"line":2,"column":43}},"2":{"start":{"line":3,"column":2},"end":{"line":3,"column":27}},"3":{"start":{"line":3,"column":14},"end":{"line":3,"column":27}},"4":{"start":{"line":4,"column":21},"end":{"line":4,"column":27}},"5":{"start":{"line":5,"column":18},"end":{"line":5,"column":36}},"6":{"start":{"line":7,"column":2},"end":{"line":12,"column":3}},"7":{"start":{"line":8,"column":4},"end":{"line":8,"column":32}},"8":{"start":{"line":9,"column":4},"end":{"line":9,"column":49}},"9":{"start":{"line":9,"column":36},"end":{"line":9,"column":49}},"10":{"start":{"line":10,"column":4},"end":{"line":10,"column":30}},"11":{"start":{"line":11,"column":4},"end":{"line":11,"column":43}},"12":{"start":{"line":13,"column":2},"end":{"line":13,"column":14}},"13":{"start":{"line":17,"column":2},"end":{"line":17,"column":43}},"14":{"start":{"line":17,"column":30},"end":{"line":17,"column":43}},"15":{"start":{"line":18,"column":2},"end":{"line":18,"column":27}},"16":{"start":{"line":18,"column":14},"end":{"line":18,"column":27}},"17":{"start":{"line":19,"column":14},"end":{"line":19,"column":26}},"18":{"start":{"line":20,"column":2},"end":{"line":22,"column":3}},"19":{"start":{"line":20,"column":15},"end":{"line":20,"column":16}},"20":{"start":{"line":21,"column":4},"end":{"line":21,"column":43}},"21":{"start":{"line":21,"column":30},"end":{"line":21,"column":43}},"22":{"start":{"line":23,"column":2},"end":{"line":23,"column":14}}},"fnMap":{"0":{"name":"isIncreasingNumber","decl":{"start":{"line":1,"column":16},"end":{"line":1,"column":34}},"loc":{"start":{"line":1,"column":38},"end":{"line":14,"column":1}},"line":1},"1":{"name":"isIncreasingNumberV2","decl":{"start":{"line":16,"column":16},"end":{"line":16,"column":36}},"loc":{"start":{"line":16,"column":40},"end":{"line":24,"column":1}},"line":16}},"branchMap":{"0":{"loc":{"start":{"line":2,"column":2},"end":{"line":2,"column":43}},"type":"if","locations":[{"start":{"line":2,"column":2},"end":{"line":2,"column":43}},{"start":{},"end":{}}],"line":2},"1":{"loc":{"start":{"line":2,"column":6},"end":{"line":2,"column":28}},"type":"binary-expr","locations":[{"start":{"line":2,"column":6},"end":{"line":2,"column":12}},{"start":{"line":2,"column":16},"end":{"line":2,"column":28}}],"line":2},"2":{"loc":{"start":{"line":3,"column":2},"end":{"line":3,"column":27}},"type":"if","locations":[{"start":{"line":3,"column":2},"end":{"line":3,"column":27}},{"start":{},"end":{}}],"line":3},"3":{"loc":{"start":{"line":9,"column":4},"end":{"line":9,"column":49}},"type":"if","locations":[{"start":{"line":9,"column":4},"end":{"line":9,"column":49}},{"start":{},"end":{}}],"line":9},"4":{"loc":{"start":{"line":17,"column":2},"end":{"line":17,"column":43}},"type":"if","locations":[{"start":{"line":17,"column":2},"end":{"line":17,"column":43}},{"start":{},"end":{}}],"line":17},"5":{"loc":{"start":{"line":17,"column":6},"end":{"line":17,"column":28}},"type":"binary-expr","locations":[{"start":{"line":17,"column":6},"end":{"line":17,"column":12}},{"start":{"line":17,"column":16},"end":{"line":17,"column":28}}],"line":17},"6":{"loc":{"start":{"line":18,"column":2},"end":{"line":18,"column":27}},"type":"if","locations":[{"start":{"line":18,"column":2},"end":{"line":18,"column":27}},{"start":{},"end":{}}],"line":18},"7":{"loc":{"start":{"line":21,"column":4},"end":{"line":21,"column":43}},"type":"if","locations":[{"start":{"line":21,"column":4},"end":{"line":21,"column":43}},{"start":{},"end":{}}],"line":21}},"s":{"0":10,"1":3,"2":7,"3":1,"4":6,"5":6,"6":6,"7":12,"8":12,"9":3,"10":9,"11":9,"12":3,"13":10,"14":3,"15":7,"16":1,"17":6,"18":6,"19":6,"20":14,"21":3,"22":3},"f":{"0":10,"1":10},"b":{"0":[3,7],"1":[10,9],"2":[1,6],"3":[3,9],"4":[3,7],"5":[10,9],"6":[1,6],"7":[3,11]},"_coverageSchema":"1a1c01bbd47fc00a2c39e90264f33305004495a9","hash":"18ba8c2bfbc88dfec2750bf7968e26ee3125c3a1"}
,"F:\\code_github\\JS_Basic\\excesire\\number-03.js": {"path":"F:\\code_github\\JS_Basic\\excesire\\number-03.js","statementMap":{"0":{"start":{"line":15,"column":2},"end":{"line":15,"column":27}},"1":{"start":{"line":15,"column":14},"end":{"line":15,"column":27}},"2":{"start":{"line":16,"column":18},"end":{"line":16,"column":24}},"3":{"start":{"line":18,"column":18},"end":{"line":18,"column":36}},"4":{"start":{"line":19,"column":2},"end":{"line":25,"column":3}},"5":{"start":{"line":20,"column":4},"end":{"line":20,"column":32}},"6":{"start":{"line":21,"column":4},"end":{"line":21,"column":45}},"7":{"start":{"line":21,"column":32},"end":{"line":21,"column":45}},"8":{"start":{"line":22,"column":4},"end":{"line":22,"column":51}},"9":{"start":{"line":22,"column":38},"end":{"line":22,"column":51}},"10":{"start":{"line":23,"column":4},"end":{"line":23,"column":27}},"11":{"start":{"line":24,"column":4},"end":{"line":24,"column":43}},"12":{"start":{"line":26,"column":2},"end":{"line":26,"column":14}},"13":{"start":{"line":29,"column":0},"end":{"line":29,"column":48}},"14":{"start":{"line":30,"column":0},"end":{"line":30,"column":49}},"15":{"start":{"line":31,"column":0},"end":{"line":31,"column":51}},"16":{"start":{"line":32,"column":0},"end":{"line":32,"column":50}},"17":{"start":{"line":33,"column":0},"end":{"line":33,"column":50}},"18":{"start":{"line":34,"column":0},"end":{"line":34,"column":50}}},"fnMap":{"0":{"name":"isIncreasingNumberByDistance","decl":{"start":{"line":13,"column":16},"end":{"line":13,"column":44}},"loc":{"start":{"line":13,"column":51},"end":{"line":27,"column":1}},"line":13}},"branchMap":{"0":{"loc":{"start":{"line":15,"column":2},"end":{"line":15,"column":27}},"type":"if","locations":[{"start":{"line":15,"column":2},"end":{"line":15,"column":27}},{"start":{},"end":{}}],"line":15},"1":{"loc":{"start":{"line":21,"column":4},"end":{"line":21,"column":45}},"type":"if","locations":[{"start":{"line":21,"column":4},"end":{"line":21,"column":45}},{"start":{},"end":{}}],"line":21},"2":{"loc":{"start":{"line":22,"column":4},"end":{"line":22,"column":51}},"type":"if","locations":[{"start":{"line":22,"column":4},"end":{"line":22,"column":51}},{"start":{},"end":{}}],"line":22}},"s":{"0":27,"1":5,"2":22,"3":22,"4":22,"5":33,"6":33,"7":4,"8":29,"9":10,"10":19,"11":19,"12":8,"13":1,"14":1,"15":1,"16":1,"17":1,"18":1},"f":{"0":27},"b":{"0":[5,22],"1":[4,29],"2":[10,19]},"_coverageSchema":"1a1c01bbd47fc00a2c39e90264f33305004495a9","hash":"de87dbf2df04cd450c1379f72613da0d484839f4"}
}
