TN:
SF:excesire\number-01.js
FN:1,isIncreasingNumber
FN:16,isIncreasingNumberV2
FNF:2
FNH:2
FNDA:10,isIncreasingNumber
FNDA:10,isIncreasingNumberV2
DA:2,10
DA:3,7
DA:4,6
DA:5,6
DA:7,6
DA:8,12
DA:9,12
DA:10,9
DA:11,9
DA:13,3
DA:17,10
DA:18,7
DA:19,6
DA:20,6
DA:21,14
DA:23,3
LF:16
LH:16
BRDA:2,0,0,3
BRDA:2,0,1,7
BRDA:2,1,0,10
BRDA:2,1,1,9
BRDA:3,2,0,1
BRDA:3,2,1,6
BRDA:9,3,0,3
BRDA:9,3,1,9
BRDA:17,4,0,3
BRDA:17,4,1,7
BRDA:17,5,0,10
BRDA:17,5,1,9
BRDA:18,6,0,1
BRDA:18,6,1,6
BRDA:21,7,0,3
BRDA:21,7,1,11
BRF:16
BRH:16
end_of_record
TN:
SF:excesire\number-03.js
FN:13,isIncreasingNumberByDistance
FNF:1
FNH:1
FNDA:27,isIncreasingNumberByDistance
DA:15,27
DA:16,22
DA:18,22
DA:19,22
DA:20,33
DA:21,33
DA:22,29
DA:23,19
DA:24,19
DA:26,8
DA:29,1
DA:30,1
DA:31,1
DA:32,1
DA:33,1
DA:34,1
LF:16
LH:16
BRDA:15,0,0,5
BRDA:15,0,1,22
BRDA:21,1,0,4
BRDA:21,1,1,29
BRDA:22,2,0,10
BRDA:22,2,1,19
BRF:6
BRH:6
end_of_record
